c:\users\loris.moreau\documents\github\vulkan-learning\intro-vulkan\vulkanapp\x64\debug\vc143.pdb
c:\users\loris.moreau\documents\github\vulkan-learning\intro-vulkan\vulkanapp\x64\debug\vc143.idb
c:\users\loris.moreau\documents\github\vulkan-learning\intro-vulkan\vulkanapp\x64\debug\vulkanmeshmodel.obj
c:\users\loris.moreau\documents\github\vulkan-learning\intro-vulkan\vulkanapp\x64\debug\vulkanmesh.obj
c:\users\loris.moreau\documents\github\vulkan-learning\intro-vulkan\vulkanapp\x64\debug\vulkanrenderer.obj
c:\users\loris.moreau\documents\github\vulkan-learning\intro-vulkan\vulkanapp\x64\debug\main.obj
c:\users\loris.moreau\documents\github\vulkan-learning\intro-vulkan\x64\debug\vulkanapp.exe
c:\users\loris.moreau\documents\github\vulkan-learning\intro-vulkan\x64\debug\vulkanapp.pdb
c:\users\loris.moreau\documents\github\vulkan-learning\intro-vulkan\x64\debug\vulkanapp.lib
c:\users\loris.moreau\documents\github\vulkan-learning\intro-vulkan\x64\debug\vulkanapp.exp
c:\users\loris.moreau\documents\github\vulkan-learning\intro-vulkan\vulkanapp\x64\debug\vulkanapp.ilk
c:\users\loris.moreau\documents\github\vulkan-learning\intro-vulkan\vulkanapp\x64\debug\vulkanapp.tlog\cl.command.1.tlog
c:\users\loris.moreau\documents\github\vulkan-learning\intro-vulkan\vulkanapp\x64\debug\vulkanapp.tlog\cl.items.tlog
c:\users\loris.moreau\documents\github\vulkan-learning\intro-vulkan\vulkanapp\x64\debug\vulkanapp.tlog\cl.read.1.tlog
c:\users\loris.moreau\documents\github\vulkan-learning\intro-vulkan\vulkanapp\x64\debug\vulkanapp.tlog\cl.write.1.tlog
c:\users\loris.moreau\documents\github\vulkan-learning\intro-vulkan\vulkanapp\x64\debug\vulkanapp.tlog\link-cvtres.read.1.tlog
c:\users\loris.moreau\documents\github\vulkan-learning\intro-vulkan\vulkanapp\x64\debug\vulkanapp.tlog\link-cvtres.write.1.tlog
c:\users\loris.moreau\documents\github\vulkan-learning\intro-vulkan\vulkanapp\x64\debug\vulkanapp.tlog\link-rc.read.1.tlog
c:\users\loris.moreau\documents\github\vulkan-learning\intro-vulkan\vulkanapp\x64\debug\vulkanapp.tlog\link-rc.write.1.tlog
c:\users\loris.moreau\documents\github\vulkan-learning\intro-vulkan\vulkanapp\x64\debug\vulkanapp.tlog\link.command.1.tlog
c:\users\loris.moreau\documents\github\vulkan-learning\intro-vulkan\vulkanapp\x64\debug\vulkanapp.tlog\link.read.1.tlog
c:\users\loris.moreau\documents\github\vulkan-learning\intro-vulkan\vulkanapp\x64\debug\vulkanapp.tlog\link.read.2.tlog
c:\users\loris.moreau\documents\github\vulkan-learning\intro-vulkan\vulkanapp\x64\debug\vulkanapp.tlog\link.read.3.tlog
c:\users\loris.moreau\documents\github\vulkan-learning\intro-vulkan\vulkanapp\x64\debug\vulkanapp.tlog\link.read.4.tlog
c:\users\loris.moreau\documents\github\vulkan-learning\intro-vulkan\vulkanapp\x64\debug\vulkanapp.tlog\link.secondary.1.tlog
c:\users\loris.moreau\documents\github\vulkan-learning\intro-vulkan\vulkanapp\x64\debug\vulkanapp.tlog\link.write.1.tlog
